<?xml version="1.0" encoding="UTF-8"?>
<!-- Generated by org.testng.reporters.JUnitXMLReporter -->
<testsuite hostname="Hridhaans-MacBook-Pro.local" ignored="0" name="Surefire test" tests="12" failures="0" timestamp="2021-05-21T00:16:08 IST" time="241.529" errors="0">
  <testcase name="verifyContactsLabel" time="0.052" classname="com.crm.qa.testcases.ContactsPageTest"/>
  <testcase name="selectContactsCheckBox" time="0.128" classname="com.crm.qa.testcases.ContactsPageTest"/>
  <testcase name="selectMultipleContacts" time="0.255" classname="com.crm.qa.testcases.ContactsPageTest"/>
  <testcase name="createNewContact" time="5.296" classname="com.crm.qa.testcases.ContactsPageTest"/>
  <testcase name="createNewContact" time="4.539" classname="com.crm.qa.testcases.ContactsPageTest"/>
  <testcase name="createNewContact" time="5.949" classname="com.crm.qa.testcases.ContactsPageTest"/>
  <testcase name="verifyHomePageTitleTest" time="0.023" classname="com.crm.qa.testcases.HomePageTest"/>
  <testcase name="verifyUsername" time="0.096" classname="com.crm.qa.testcases.HomePageTest"/>
  <testcase name="verifyContactsLinkTest" time="1.363" classname="com.crm.qa.testcases.HomePageTest"/>
  <testcase name="loginPageTitleTest" time="0.021" classname="com.crm.qa.testcases.LoginPageTest"/>
  <testcase name="crmLogoImageTest" time="0.181" classname="com.crm.qa.testcases.LoginPageTest"/>
  <testcase name="loginTest" time="12.87" classname="com.crm.qa.testcases.LoginPageTest"/>
</testsuite> <!-- Surefire test -->
