<?xml version="1.0" encoding="UTF-8"?>
<!-- Generated by org.testng.reporters.JUnitXMLReporter -->
<testsuite hostname="Hridhaans-MacBook-Pro.local" ignored="3" name="Default test" tests="3" failures="0" timestamp="2021-05-21T00:08:48 IST" time="86.045" errors="0">
  <testcase name="createNewContact" time="10.713" classname="com.crm.qa.testcases.ContactsPageTest"/>
  <testcase name="createNewContact" time="4.659" classname="com.crm.qa.testcases.ContactsPageTest"/>
  <testcase name="createNewContact" time="5.053" classname="com.crm.qa.testcases.ContactsPageTest"/>
  <testcase name="verifyContactsLabel" time="0.0" classname="com.crm.qa.testcases.ContactsPageTest">
    <ignored/>
  </testcase> <!-- verifyContactsLabel -->
  <testcase name="selectContactsCheckBox" time="0.0" classname="com.crm.qa.testcases.ContactsPageTest">
    <ignored/>
  </testcase> <!-- selectContactsCheckBox -->
  <testcase name="selectMultipleContacts" time="0.0" classname="com.crm.qa.testcases.ContactsPageTest">
    <ignored/>
  </testcase> <!-- selectMultipleContacts -->
</testsuite> <!-- Default test -->
