<?xml version="1.0" encoding="UTF-8"?>
<testsuite xmlns:xsi="http://www.w3.org/2001/XMLSchema-instance" xsi:noNamespaceSchemaLocation="https://maven.apache.org/surefire/maven-surefire-plugin/xsd/surefire-test-report.xsd" name="TestSuite" time="241.882" tests="12" errors="0" skipped="0" failures="0">
  <properties>
[...]
</properties>
  <testcase name="verifyContactsLabel" classname="com.crm.qa.testcases.ContactsPageTest" time="0.066"/>
  <testcase name="selectContactsCheckBox" classname="com.crm.qa.testcases.ContactsPageTest" time="0.13"/>
  <testcase name="selectMultipleContacts" classname="com.crm.qa.testcases.ContactsPageTest" time="0.256"/>
  <testcase name="createNewContact" classname="com.crm.qa.testcases.ContactsPageTest" time="5.307"/>
  <testcase name="createNewContact" classname="com.crm.qa.testcases.ContactsPageTest" time="4.54"/>
  <testcase name="createNewContact" classname="com.crm.qa.testcases.ContactsPageTest" time="5.949"/>
  <testcase name="verifyHomePageTitleTest" classname="com.crm.qa.testcases.HomePageTest" time="0.024"/>
  <testcase name="verifyUsername" classname="com.crm.qa.testcases.HomePageTest" time="0.097"/>
  <testcase name="verifyContactsLinkTest" classname="com.crm.qa.testcases.HomePageTest" time="1.364"/>
  <testcase name="loginPageTitleTest" classname="com.crm.qa.testcases.LoginPageTest" time="0.021"/>
  <testcase name="crmLogoImageTest" classname="com.crm.qa.testcases.LoginPageTest" time="0.183"/>
  <testcase name="loginTest" classname="com.crm.qa.testcases.LoginPageTest" time="12.871"/>
</testsuite>