<?xml version="1.0" encoding="UTF-8"?>
<testng-results skipped="0" failed="0" ignored="0" total="12" passed="12">
  <reporter-output>
  </reporter-output>
  <suite name="Surefire suite" duration-ms="241529" started-at="2021-05-21T00:12:06 IST" finished-at="2021-05-21T00:16:08 IST">
    <groups>
    </groups>
    <test name="Surefire test" duration-ms="241529" started-at="2021-05-21T00:12:06 IST" finished-at="2021-05-21T00:16:08 IST">
      <class name="com.crm.qa.testcases.HomePageTest">
        <test-method status="PASS" signature="setUp()[pri:0, instance:com.crm.qa.testcases.HomePageTest@271053e1]" name="setUp" is-config="true" duration-ms="17826" started-at="2021-05-21T00:14:36 IST" finished-at="2021-05-21T00:14:53 IST">
          <reporter-output>
          </reporter-output>
        </test-method> <!-- setUp -->
        <test-method status="PASS" signature="verifyHomePageTitleTest()[pri:1, instance:com.crm.qa.testcases.HomePageTest@271053e1]" name="verifyHomePageTitleTest" duration-ms="23" started-at="2021-05-21T00:14:53 IST" finished-at="2021-05-21T00:14:53 IST">
          <reporter-output>
          </reporter-output>
        </test-method> <!-- verifyHomePageTitleTest -->
        <test-method status="PASS" signature="tearDown()[pri:0, instance:com.crm.qa.testcases.HomePageTest@271053e1]" name="tearDown" is-config="true" duration-ms="81" started-at="2021-05-21T00:14:53 IST" finished-at="2021-05-21T00:14:54 IST">
          <reporter-output>
          </reporter-output>
        </test-method> <!-- tearDown -->
        <test-method status="PASS" signature="setUp()[pri:0, instance:com.crm.qa.testcases.HomePageTest@271053e1]" name="setUp" is-config="true" duration-ms="15477" started-at="2021-05-21T00:14:54 IST" finished-at="2021-05-21T00:15:09 IST">
          <reporter-output>
          </reporter-output>
        </test-method> <!-- setUp -->
        <test-method status="PASS" signature="verifyUsername()[pri:2, instance:com.crm.qa.testcases.HomePageTest@271053e1]" name="verifyUsername" duration-ms="96" started-at="2021-05-21T00:15:09 IST" finished-at="2021-05-21T00:15:09 IST">
          <reporter-output>
          </reporter-output>
        </test-method> <!-- verifyUsername -->
        <test-method status="PASS" signature="tearDown()[pri:0, instance:com.crm.qa.testcases.HomePageTest@271053e1]" name="tearDown" is-config="true" duration-ms="80" started-at="2021-05-21T00:15:09 IST" finished-at="2021-05-21T00:15:09 IST">
          <reporter-output>
          </reporter-output>
        </test-method> <!-- tearDown -->
        <test-method status="PASS" signature="setUp()[pri:0, instance:com.crm.qa.testcases.HomePageTest@271053e1]" name="setUp" is-config="true" duration-ms="19294" started-at="2021-05-21T00:15:09 IST" finished-at="2021-05-21T00:15:29 IST">
          <reporter-output>
          </reporter-output>
        </test-method> <!-- setUp -->
        <test-method status="PASS" signature="verifyContactsLinkTest()[pri:3, instance:com.crm.qa.testcases.HomePageTest@271053e1]" name="verifyContactsLinkTest" duration-ms="1363" started-at="2021-05-21T00:15:29 IST" finished-at="2021-05-21T00:15:30 IST">
          <reporter-output>
          </reporter-output>
        </test-method> <!-- verifyContactsLinkTest -->
        <test-method status="PASS" signature="tearDown()[pri:0, instance:com.crm.qa.testcases.HomePageTest@271053e1]" name="tearDown" is-config="true" duration-ms="83" started-at="2021-05-21T00:15:30 IST" finished-at="2021-05-21T00:15:30 IST">
          <reporter-output>
          </reporter-output>
        </test-method> <!-- tearDown -->
      </class> <!-- com.crm.qa.testcases.HomePageTest -->
      <class name="com.crm.qa.testcases.ContactsPageTest">
        <test-method status="PASS" signature="setUp()[pri:0, instance:com.crm.qa.testcases.ContactsPageTest@4f7d0008]" name="setUp" is-config="true" duration-ms="22384" started-at="2021-05-21T00:12:06 IST" finished-at="2021-05-21T00:12:29 IST">
          <reporter-output>
          </reporter-output>
        </test-method> <!-- setUp -->
        <test-method status="PASS" signature="verifyContactsLabel()[pri:1, instance:com.crm.qa.testcases.ContactsPageTest@4f7d0008]" name="verifyContactsLabel" duration-ms="52" started-at="2021-05-21T00:12:29 IST" finished-at="2021-05-21T00:12:29 IST">
          <reporter-output>
          </reporter-output>
        </test-method> <!-- verifyContactsLabel -->
        <test-method status="PASS" signature="tearDown()[pri:0, instance:com.crm.qa.testcases.ContactsPageTest@4f7d0008]" name="tearDown" is-config="true" duration-ms="81" started-at="2021-05-21T00:12:29 IST" finished-at="2021-05-21T00:12:29 IST">
          <reporter-output>
          </reporter-output>
        </test-method> <!-- tearDown -->
        <test-method status="PASS" signature="setUp()[pri:0, instance:com.crm.qa.testcases.ContactsPageTest@4f7d0008]" name="setUp" is-config="true" duration-ms="17551" started-at="2021-05-21T00:12:29 IST" finished-at="2021-05-21T00:12:47 IST">
          <reporter-output>
          </reporter-output>
        </test-method> <!-- setUp -->
        <test-method status="PASS" signature="selectContactsCheckBox()[pri:2, instance:com.crm.qa.testcases.ContactsPageTest@4f7d0008]" name="selectContactsCheckBox" duration-ms="128" started-at="2021-05-21T00:12:47 IST" finished-at="2021-05-21T00:12:47 IST">
          <reporter-output>
          </reporter-output>
        </test-method> <!-- selectContactsCheckBox -->
        <test-method status="PASS" signature="tearDown()[pri:0, instance:com.crm.qa.testcases.ContactsPageTest@4f7d0008]" name="tearDown" is-config="true" duration-ms="81" started-at="2021-05-21T00:12:47 IST" finished-at="2021-05-21T00:12:47 IST">
          <reporter-output>
          </reporter-output>
        </test-method> <!-- tearDown -->
        <test-method status="PASS" signature="setUp()[pri:0, instance:com.crm.qa.testcases.ContactsPageTest@4f7d0008]" name="setUp" is-config="true" duration-ms="27140" started-at="2021-05-21T00:12:47 IST" finished-at="2021-05-21T00:13:14 IST">
          <reporter-output>
          </reporter-output>
        </test-method> <!-- setUp -->
        <test-method status="PASS" signature="selectMultipleContacts()[pri:3, instance:com.crm.qa.testcases.ContactsPageTest@4f7d0008]" name="selectMultipleContacts" duration-ms="255" started-at="2021-05-21T00:13:14 IST" finished-at="2021-05-21T00:13:14 IST">
          <reporter-output>
          </reporter-output>
        </test-method> <!-- selectMultipleContacts -->
        <test-method status="PASS" signature="tearDown()[pri:0, instance:com.crm.qa.testcases.ContactsPageTest@4f7d0008]" name="tearDown" is-config="true" duration-ms="82" started-at="2021-05-21T00:13:14 IST" finished-at="2021-05-21T00:13:14 IST">
          <reporter-output>
          </reporter-output>
        </test-method> <!-- tearDown -->
        <test-method status="PASS" signature="setUp()[pri:0, instance:com.crm.qa.testcases.ContactsPageTest@4f7d0008]" name="setUp" is-config="true" duration-ms="20682" started-at="2021-05-21T00:13:15 IST" finished-at="2021-05-21T00:13:36 IST">
          <reporter-output>
          </reporter-output>
        </test-method> <!-- setUp -->
        <test-method status="PASS" signature="createNewContact(java.lang.String, java.lang.String, java.lang.String, java.lang.String, java.lang.String, java.lang.String)[pri:4, instance:com.crm.qa.testcases.ContactsPageTest@4f7d0008]" name="createNewContact" duration-ms="5296" started-at="2021-05-21T00:13:36 IST" data-provider="getCRMTestData" finished-at="2021-05-21T00:13:41 IST">
          <params>
            <param index="0">
              <value>
                <![CDATA[Mr.]]>
              </value>
            </param>
            <param index="1">
              <value>
                <![CDATA[Apricot]]>
              </value>
            </param>
            <param index="2">
              <value>
                <![CDATA[Malvia]]>
              </value>
            </param>
            <param index="3">
              <value>
                <![CDATA[Google]]>
              </value>
            </param>
            <param index="4">
              <value>
                <![CDATA[peter.malvia@gmail.com]]>
              </value>
            </param>
            <param index="5">
              <value>
                <![CDATA[9878786789]]>
              </value>
            </param>
          </params>
          <reporter-output>
          </reporter-output>
        </test-method> <!-- createNewContact -->
        <test-method status="PASS" signature="tearDown()[pri:0, instance:com.crm.qa.testcases.ContactsPageTest@4f7d0008]" name="tearDown" is-config="true" duration-ms="84" started-at="2021-05-21T00:13:41 IST" finished-at="2021-05-21T00:13:41 IST">
          <reporter-output>
          </reporter-output>
        </test-method> <!-- tearDown -->
        <test-method status="PASS" signature="setUp()[pri:0, instance:com.crm.qa.testcases.ContactsPageTest@4f7d0008]" name="setUp" is-config="true" duration-ms="21281" started-at="2021-05-21T00:13:41 IST" finished-at="2021-05-21T00:14:02 IST">
          <reporter-output>
          </reporter-output>
        </test-method> <!-- setUp -->
        <test-method status="PASS" signature="createNewContact(java.lang.String, java.lang.String, java.lang.String, java.lang.String, java.lang.String, java.lang.String)[pri:4, instance:com.crm.qa.testcases.ContactsPageTest@4f7d0008]" name="createNewContact" duration-ms="4539" started-at="2021-05-21T00:14:02 IST" data-provider="getCRMTestData" finished-at="2021-05-21T00:14:07 IST">
          <params>
            <param index="0">
              <value>
                <![CDATA[Mrs.]]>
              </value>
            </param>
            <param index="1">
              <value>
                <![CDATA[Apparel]]>
              </value>
            </param>
            <param index="2">
              <value>
                <![CDATA[Chautala]]>
              </value>
            </param>
            <param index="3">
              <value>
                <![CDATA[Facebook]]>
              </value>
            </param>
            <param index="4">
              <value>
                <![CDATA[ganesh.chautala@gmail.com]]>
              </value>
            </param>
            <param index="5">
              <value>
                <![CDATA[9878445789]]>
              </value>
            </param>
          </params>
          <reporter-output>
          </reporter-output>
        </test-method> <!-- createNewContact -->
        <test-method status="PASS" signature="tearDown()[pri:0, instance:com.crm.qa.testcases.ContactsPageTest@4f7d0008]" name="tearDown" is-config="true" duration-ms="84" started-at="2021-05-21T00:14:07 IST" finished-at="2021-05-21T00:14:07 IST">
          <reporter-output>
          </reporter-output>
        </test-method> <!-- tearDown -->
        <test-method status="PASS" signature="setUp()[pri:0, instance:com.crm.qa.testcases.ContactsPageTest@4f7d0008]" name="setUp" is-config="true" duration-ms="22666" started-at="2021-05-21T00:14:07 IST" finished-at="2021-05-21T00:14:30 IST">
          <reporter-output>
          </reporter-output>
        </test-method> <!-- setUp -->
        <test-method status="PASS" signature="createNewContact(java.lang.String, java.lang.String, java.lang.String, java.lang.String, java.lang.String, java.lang.String)[pri:4, instance:com.crm.qa.testcases.ContactsPageTest@4f7d0008]" name="createNewContact" duration-ms="5949" started-at="2021-05-21T00:14:30 IST" data-provider="getCRMTestData" finished-at="2021-05-21T00:14:36 IST">
          <params>
            <param index="0">
              <value>
                <![CDATA[Dr.]]>
              </value>
            </param>
            <param index="1">
              <value>
                <![CDATA[Bogus]]>
              </value>
            </param>
            <param index="2">
              <value>
                <![CDATA[Otani]]>
              </value>
            </param>
            <param index="3">
              <value>
                <![CDATA[ACE]]>
              </value>
            </param>
            <param index="4">
              <value>
                <![CDATA[mukesh.otani@gmail.com]]>
              </value>
            </param>
            <param index="5">
              <value>
                <![CDATA[9878788689]]>
              </value>
            </param>
          </params>
          <reporter-output>
          </reporter-output>
        </test-method> <!-- createNewContact -->
        <test-method status="PASS" signature="tearDown()[pri:0, instance:com.crm.qa.testcases.ContactsPageTest@4f7d0008]" name="tearDown" is-config="true" duration-ms="83" started-at="2021-05-21T00:14:36 IST" finished-at="2021-05-21T00:14:36 IST">
          <reporter-output>
          </reporter-output>
        </test-method> <!-- tearDown -->
      </class> <!-- com.crm.qa.testcases.ContactsPageTest -->
      <class name="com.crm.qa.testcases.LoginPageTest">
        <test-method status="PASS" signature="setUp()[pri:0, instance:com.crm.qa.testcases.LoginPageTest@589838eb]" name="setUp" is-config="true" duration-ms="8273" started-at="2021-05-21T00:15:30 IST" finished-at="2021-05-21T00:15:38 IST">
          <reporter-output>
          </reporter-output>
        </test-method> <!-- setUp -->
        <test-method status="PASS" signature="loginPageTitleTest()[pri:1, instance:com.crm.qa.testcases.LoginPageTest@589838eb]" name="loginPageTitleTest" duration-ms="21" started-at="2021-05-21T00:15:38 IST" finished-at="2021-05-21T00:15:38 IST">
          <reporter-output>
          </reporter-output>
        </test-method> <!-- loginPageTitleTest -->
        <test-method status="PASS" signature="tearDown()[pri:0, instance:com.crm.qa.testcases.LoginPageTest@589838eb]" name="tearDown" is-config="true" duration-ms="72" started-at="2021-05-21T00:15:38 IST" finished-at="2021-05-21T00:15:38 IST">
          <reporter-output>
          </reporter-output>
        </test-method> <!-- tearDown -->
        <test-method status="PASS" signature="setUp()[pri:0, instance:com.crm.qa.testcases.LoginPageTest@589838eb]" name="setUp" is-config="true" duration-ms="7860" started-at="2021-05-21T00:15:38 IST" finished-at="2021-05-21T00:15:46 IST">
          <reporter-output>
          </reporter-output>
        </test-method> <!-- setUp -->
        <test-method status="PASS" signature="crmLogoImageTest()[pri:2, instance:com.crm.qa.testcases.LoginPageTest@589838eb]" name="crmLogoImageTest" duration-ms="181" started-at="2021-05-21T00:15:46 IST" finished-at="2021-05-21T00:15:46 IST">
          <reporter-output>
          </reporter-output>
        </test-method> <!-- crmLogoImageTest -->
        <test-method status="PASS" signature="tearDown()[pri:0, instance:com.crm.qa.testcases.LoginPageTest@589838eb]" name="tearDown" is-config="true" duration-ms="83" started-at="2021-05-21T00:15:46 IST" finished-at="2021-05-21T00:15:46 IST">
          <reporter-output>
          </reporter-output>
        </test-method> <!-- tearDown -->
        <test-method status="PASS" signature="setUp()[pri:0, instance:com.crm.qa.testcases.LoginPageTest@589838eb]" name="setUp" is-config="true" duration-ms="8473" started-at="2021-05-21T00:15:46 IST" finished-at="2021-05-21T00:15:55 IST">
          <reporter-output>
          </reporter-output>
        </test-method> <!-- setUp -->
        <test-method status="PASS" signature="loginTest()[pri:3, instance:com.crm.qa.testcases.LoginPageTest@589838eb]" name="loginTest" duration-ms="12870" started-at="2021-05-21T00:15:55 IST" finished-at="2021-05-21T00:16:08 IST">
          <reporter-output>
          </reporter-output>
        </test-method> <!-- loginTest -->
        <test-method status="PASS" signature="tearDown()[pri:0, instance:com.crm.qa.testcases.LoginPageTest@589838eb]" name="tearDown" is-config="true" duration-ms="80" started-at="2021-05-21T00:16:08 IST" finished-at="2021-05-21T00:16:08 IST">
          <reporter-output>
          </reporter-output>
        </test-method> <!-- tearDown -->
      </class> <!-- com.crm.qa.testcases.LoginPageTest -->
    </test> <!-- Surefire test -->
  </suite> <!-- Surefire suite -->
</testng-results>
