<?xml version="1.0" encoding="UTF-8"?>
<testng-results skipped="0" failed="0" ignored="2" total="3" passed="1">
  <reporter-output>
  </reporter-output>
  <suite name="Default suite" duration-ms="18083" started-at="2021-05-21T01:52:50 IST" finished-at="2021-05-21T01:53:08 IST">
    <groups>
    </groups>
    <test name="Default test" duration-ms="18083" started-at="2021-05-21T01:52:50 IST" finished-at="2021-05-21T01:53:08 IST">
      <class name="com.crm.qa.testcases.HomePageTest">
        <test-method status="PASS" signature="setUp()[pri:0, instance:com.crm.qa.testcases.HomePageTest@77e4c80f]" name="setUp" is-config="true" duration-ms="17831" started-at="2021-05-21T01:52:50 IST" finished-at="2021-05-21T01:53:08 IST">
          <reporter-output>
          </reporter-output>
        </test-method> <!-- setUp -->
        <test-method status="PASS" signature="verifyUsername()[pri:2, instance:com.crm.qa.testcases.HomePageTest@77e4c80f]" name="verifyUsername" duration-ms="130" started-at="2021-05-21T01:53:08 IST" finished-at="2021-05-21T01:53:08 IST">
          <reporter-output>
          </reporter-output>
        </test-method> <!-- verifyUsername -->
        <test-method status="PASS" signature="tearDown()[pri:0, instance:com.crm.qa.testcases.HomePageTest@77e4c80f]" name="tearDown" is-config="true" duration-ms="83" started-at="2021-05-21T01:53:08 IST" finished-at="2021-05-21T01:53:08 IST">
          <reporter-output>
          </reporter-output>
        </test-method> <!-- tearDown -->
      </class> <!-- com.crm.qa.testcases.HomePageTest -->
    </test> <!-- Default test -->
  </suite> <!-- Default suite -->
</testng-results>
